0 info it worked if it ends with ok
1 verbose cli [ '/usr/bin/nodejs', '/usr/bin/npm', 'run', 'build-js' ]
2 info using npm@3.5.2
3 info using node@v4.2.6
4 verbose run-script [ 'prebuild-js', 'build-js', 'postbuild-js' ]
5 info lifecycle angularfire@1.0.0~prebuild-js: angularfire@1.0.0
6 silly lifecycle angularfire@1.0.0~prebuild-js: no script for prebuild-js, continuing
7 info lifecycle angularfire@1.0.0~build-js: angularfire@1.0.0
8 verbose lifecycle angularfire@1.0.0~build-js: unsafe-perm in lifecycle true
9 verbose lifecycle angularfire@1.0.0~build-js: PATH: /usr/share/npm/bin/node-gyp-bin:/media/chrx/SD/Projects/klasssenbuch/node_modules/.bin:/usr/share/npm/bin/node-gyp-bin:/media/chrx/SD/Projects/klasssenbuch/node_modules/.bin:/usr/share/npm/bin/node-gyp-bin:/media/chrx/SD/Projects/klasssenbuch/node_modules/.bin:/usr/local/sbin:/usr/local/bin:/usr/sbin:/usr/bin:/sbin:/bin:/usr/games:/usr/local/games
10 verbose lifecycle angularfire@1.0.0~build-js: CWD: /media/chrx/SD/Projects/klasssenbuch
11 silly lifecycle angularfire@1.0.0~build-js: Args: [ '-c',
11 silly lifecycle   'browserify public/js/app.js -o public/build/done_app.js && browserify public/js/dashboard.js -o public/build/done_dashboard.js' ]
12 silly lifecycle angularfire@1.0.0~build-js: Returned: code: 1  signal: null
13 info lifecycle angularfire@1.0.0~build-js: Failed to exec build-js script
14 verbose stack Error: angularfire@1.0.0 build-js: `browserify public/js/app.js -o public/build/done_app.js && browserify public/js/dashboard.js -o public/build/done_dashboard.js`
14 verbose stack Exit status 1
14 verbose stack     at EventEmitter.<anonymous> (/usr/share/npm/lib/utils/lifecycle.js:232:16)
14 verbose stack     at emitTwo (events.js:87:13)
14 verbose stack     at EventEmitter.emit (events.js:172:7)
14 verbose stack     at ChildProcess.<anonymous> (/usr/share/npm/lib/utils/spawn.js:24:14)
14 verbose stack     at emitTwo (events.js:87:13)
14 verbose stack     at ChildProcess.emit (events.js:172:7)
14 verbose stack     at maybeClose (internal/child_process.js:821:16)
14 verbose stack     at Process.ChildProcess._handle.onexit (internal/child_process.js:211:5)
15 verbose pkgid angularfire@1.0.0
16 verbose cwd /media/chrx/SD/Projects/klasssenbuch
17 error Linux 4.7.2-galliumos
18 error argv "/usr/bin/nodejs" "/usr/bin/npm" "run" "build-js"
19 error node v4.2.6
20 error npm  v3.5.2
21 error code ELIFECYCLE
22 error angularfire@1.0.0 build-js: `browserify public/js/app.js -o public/build/done_app.js && browserify public/js/dashboard.js -o public/build/done_dashboard.js`
22 error Exit status 1
23 error Failed at the angularfire@1.0.0 build-js script 'browserify public/js/app.js -o public/build/done_app.js && browserify public/js/dashboard.js -o public/build/done_dashboard.js'.
23 error Make sure you have the latest version of node.js and npm installed.
23 error If you do, this is most likely a problem with the angularfire package,
23 error not with npm itself.
23 error Tell the author that this fails on your system:
23 error     browserify public/js/app.js -o public/build/done_app.js && browserify public/js/dashboard.js -o public/build/done_dashboard.js
23 error You can get information on how to open an issue for this project with:
23 error     npm bugs angularfire
23 error Or if that isn't available, you can get their info via:
23 error     npm owner ls angularfire
23 error There is likely additional logging output above.
24 verbose exit [ 1, true ]
